<?xml version="1.0" encoding="UTF-8"?>
<testng-results skipped="0" failed="1" total="1" passed="0">
  <reporter-output>
  </reporter-output>
  <suite name="Default suite" duration-ms="21308" started-at="2020-04-18T12:55:27Z" finished-at="2020-04-18T12:55:49Z">
    <groups>
    </groups>
    <test name="Default test" duration-ms="21308" started-at="2020-04-18T12:55:27Z" finished-at="2020-04-18T12:55:49Z">
      <class name="com.qa.testcaases.GermanyRegister">
        <test-method status="PASS" signature="setUp()[pri:0, instance:com.qa.testcaases.GermanyRegister@1fbc7afb]" name="setUp" is-config="true" duration-ms="16771" started-at="2020-04-18T18:25:27Z" finished-at="2020-04-18T18:25:44Z">
          <reporter-output>
          </reporter-output>
        </test-method> <!-- setUp -->
        <test-method status="FAIL" signature="testRegister()[pri:1, instance:com.qa.testcaases.GermanyRegister@1fbc7afb]" name="testRegister" duration-ms="4110" started-at="2020-04-18T18:25:44Z" finished-at="2020-04-18T18:25:48Z">
          <exception class="java.lang.NullPointerException">
            <full-stacktrace>
              <![CDATA[java.lang.NullPointerException
	at com.qa.pages.GermanyRegisterPage.acceptCookies(GermanyRegisterPage.java:71)
	at com.qa.testcaases.GermanyRegister.testRegister(GermanyRegister.java:37)
	at sun.reflect.NativeMethodAccessorImpl.invoke0(Native Method)
	at sun.reflect.NativeMethodAccessorImpl.invoke(Unknown Source)
	at sun.reflect.DelegatingMethodAccessorImpl.invoke(Unknown Source)
	at java.lang.reflect.Method.invoke(Unknown Source)
	at org.testng.internal.MethodInvocationHelper.invokeMethod(MethodInvocationHelper.java:86)
	at org.testng.internal.Invoker.invokeMethod(Invoker.java:645)
	at org.testng.internal.Invoker.invokeTestMethod(Invoker.java:822)
	at org.testng.internal.Invoker.invokeTestMethods(Invoker.java:1130)
	at org.testng.internal.TestMethodWorker.invokeTestMethods(TestMethodWorker.java:129)
	at org.testng.internal.TestMethodWorker.run(TestMethodWorker.java:112)
	at org.testng.TestRunner.privateRun(TestRunner.java:782)
	at org.testng.TestRunner.run(TestRunner.java:632)
	at org.testng.SuiteRunner.runTest(SuiteRunner.java:366)
	at org.testng.SuiteRunner.runSequentially(SuiteRunner.java:361)
	at org.testng.SuiteRunner.privateRun(SuiteRunner.java:319)
	at org.testng.SuiteRunner.run(SuiteRunner.java:268)
	at org.testng.SuiteRunnerWorker.runSuite(SuiteRunnerWorker.java:52)
	at org.testng.SuiteRunnerWorker.run(SuiteRunnerWorker.java:86)
	at org.testng.TestNG.runSuitesSequentially(TestNG.java:1244)
	at org.testng.TestNG.runSuitesLocally(TestNG.java:1169)
	at org.testng.TestNG.run(TestNG.java:1064)
	at org.testng.remote.RemoteTestNG.run(RemoteTestNG.java:113)
	at org.testng.remote.RemoteTestNG.initAndRun(RemoteTestNG.java:206)
	at org.testng.remote.RemoteTestNG.main(RemoteTestNG.java:177)
]]>
            </full-stacktrace>
          </exception> <!-- java.lang.NullPointerException -->
          <reporter-output>
          </reporter-output>
        </test-method> <!-- testRegister -->
        <test-method status="PASS" signature="actionaftrtest()[pri:0, instance:com.qa.testcaases.GermanyRegister@1fbc7afb]" name="actionaftrtest" is-config="true" duration-ms="351" started-at="2020-04-18T18:25:48Z" finished-at="2020-04-18T18:25:49Z">
          <reporter-output>
          </reporter-output>
        </test-method> <!-- actionaftrtest -->
      </class> <!-- com.qa.testcaases.GermanyRegister -->
    </test> <!-- Default test -->
  </suite> <!-- Default suite -->
</testng-results>
